<?xml version="1.0" encoding="UTF-8"?>
<testsuite xmlns:xsi="http://www.w3.org/2001/XMLSchema-instance" xsi:noNamespaceSchemaLocation="https://maven.apache.org/surefire/maven-surefire-plugin/xsd/surefire-test-report-3.0.xsd" version="3.0" name="com.luv2code.junitdemo.DemoUtilsTest" time="0.086" tests="8" errors="0" skipped="0" failures="0">
  <properties>
[...]
</properties>
  <testcase name="testArrayEquals" classname="com.luv2code.junitdemo.DemoUtilsTest" time="0.041"/>
  <testcase name="testEqualsAndNotEquals" classname="com.luv2code.junitdemo.DemoUtilsTest" time="0.003"/>
  <testcase name="testIterableEquals" classname="com.luv2code.junitdemo.DemoUtilsTest" time="0.002"/>
  <testcase name="testLinesMatch" classname="com.luv2code.junitdemo.DemoUtilsTest" time="0.004"/>
  <testcase name="testNullAndNotNull" classname="com.luv2code.junitdemo.DemoUtilsTest" time="0.002"/>
  <testcase name="testSameAndNotSame" classname="com.luv2code.junitdemo.DemoUtilsTest" time="0.001"/>
  <testcase name="testThrowAndNotThrow" classname="com.luv2code.junitdemo.DemoUtilsTest" time="0.003"/>
  <testcase name="testTrueAndNotTrue" classname="com.luv2code.junitdemo.DemoUtilsTest" time="0.002"/>
</testsuite>